Internal Server Error: /team/
Traceback (most recent call last):
  File "/Users/michaelwan/miniconda2/lib/python2.7/site-packages/django/core/handlers/exception.py", line 39, in inner
    response = get_response(request)
  File "/Users/michaelwan/miniconda2/lib/python2.7/site-packages/django/core/handlers/base.py", line 249, in _legacy_get_response
    response = self._get_response(request)
  File "/Users/michaelwan/miniconda2/lib/python2.7/site-packages/django/core/handlers/base.py", line 187, in _get_response
    response = self.process_exception_by_middleware(e, request)
  File "/Users/michaelwan/miniconda2/lib/python2.7/site-packages/django/core/handlers/base.py", line 185, in _get_response
    response = wrapped_callback(request, *callback_args, **callback_kwargs)
  File "/Users/michaelwan/Desktop/Projects/Heroku/Django/CalTutors/pages/views.py", line 147, in team_view
    return render(request, 'pages/team.html', data)
  File "/Users/michaelwan/miniconda2/lib/python2.7/site-packages/django/shortcuts.py", line 30, in render
    content = loader.render_to_string(template_name, context, request, using=using)
  File "/Users/michaelwan/miniconda2/lib/python2.7/site-packages/django/template/loader.py", line 68, in render_to_string
    return template.render(context, request)
  File "/Users/michaelwan/miniconda2/lib/python2.7/site-packages/django/template/backends/django.py", line 66, in render
    return self.template.render(context)
  File "/Users/michaelwan/miniconda2/lib/python2.7/site-packages/django/template/base.py", line 208, in render
    return self._render(context)
  File "/Users/michaelwan/miniconda2/lib/python2.7/site-packages/django/template/base.py", line 199, in _render
    return self.nodelist.render(context)
  File "/Users/michaelwan/miniconda2/lib/python2.7/site-packages/django/template/base.py", line 994, in render
    bit = node.render_annotated(context)
  File "/Users/michaelwan/miniconda2/lib/python2.7/site-packages/django/template/base.py", line 961, in render_annotated
    return self.render(context)
  File "/Users/michaelwan/miniconda2/lib/python2.7/site-packages/django/templatetags/static.py", line 104, in render
    url = self.url(context)
  File "/Users/michaelwan/miniconda2/lib/python2.7/site-packages/django/templatetags/static.py", line 101, in url
    return self.handle_simple(path)
  File "/Users/michaelwan/miniconda2/lib/python2.7/site-packages/django/templatetags/static.py", line 114, in handle_simple
    return staticfiles_storage.url(path)
  File "/Users/michaelwan/miniconda2/lib/python2.7/site-packages/django/contrib/staticfiles/storage.py", line 132, in url
    hashed_name = self.stored_name(clean_name)
  File "/Users/michaelwan/miniconda2/lib/python2.7/site-packages/django/contrib/staticfiles/storage.py", line 292, in stored_name
    cache_name = self.clean_name(self.hashed_name(name))
  File "/Users/michaelwan/miniconda2/lib/python2.7/site-packages/django/contrib/staticfiles/storage.py", line 95, in hashed_name
    (clean_name, self))
ValueError: The file 'img/team/kevin_tan.png' could not be found with <whitenoise.storage.CompressedManifestStaticFilesStorage object at 0x103f67450>.
Internal Server Error: /team/
Traceback (most recent call last):
  File "/Users/michaelwan/miniconda2/lib/python2.7/site-packages/django/core/handlers/exception.py", line 39, in inner
    response = get_response(request)
  File "/Users/michaelwan/miniconda2/lib/python2.7/site-packages/django/core/handlers/base.py", line 249, in _legacy_get_response
    response = self._get_response(request)
  File "/Users/michaelwan/miniconda2/lib/python2.7/site-packages/django/core/handlers/base.py", line 187, in _get_response
    response = self.process_exception_by_middleware(e, request)
  File "/Users/michaelwan/miniconda2/lib/python2.7/site-packages/django/core/handlers/base.py", line 185, in _get_response
    response = wrapped_callback(request, *callback_args, **callback_kwargs)
  File "/Users/michaelwan/Desktop/Projects/Heroku/Django/CalTutors/pages/views.py", line 147, in team_view
    return render(request, 'pages/team.html', data)
  File "/Users/michaelwan/miniconda2/lib/python2.7/site-packages/django/shortcuts.py", line 30, in render
    content = loader.render_to_string(template_name, context, request, using=using)
  File "/Users/michaelwan/miniconda2/lib/python2.7/site-packages/django/template/loader.py", line 68, in render_to_string
    return template.render(context, request)
  File "/Users/michaelwan/miniconda2/lib/python2.7/site-packages/django/template/backends/django.py", line 66, in render
    return self.template.render(context)
  File "/Users/michaelwan/miniconda2/lib/python2.7/site-packages/django/template/base.py", line 208, in render
    return self._render(context)
  File "/Users/michaelwan/miniconda2/lib/python2.7/site-packages/django/template/base.py", line 199, in _render
    return self.nodelist.render(context)
  File "/Users/michaelwan/miniconda2/lib/python2.7/site-packages/django/template/base.py", line 994, in render
    bit = node.render_annotated(context)
  File "/Users/michaelwan/miniconda2/lib/python2.7/site-packages/django/template/base.py", line 961, in render_annotated
    return self.render(context)
  File "/Users/michaelwan/miniconda2/lib/python2.7/site-packages/django/templatetags/static.py", line 104, in render
    url = self.url(context)
  File "/Users/michaelwan/miniconda2/lib/python2.7/site-packages/django/templatetags/static.py", line 101, in url
    return self.handle_simple(path)
  File "/Users/michaelwan/miniconda2/lib/python2.7/site-packages/django/templatetags/static.py", line 114, in handle_simple
    return staticfiles_storage.url(path)
  File "/Users/michaelwan/miniconda2/lib/python2.7/site-packages/django/contrib/staticfiles/storage.py", line 132, in url
    hashed_name = self.stored_name(clean_name)
  File "/Users/michaelwan/miniconda2/lib/python2.7/site-packages/django/contrib/staticfiles/storage.py", line 292, in stored_name
    cache_name = self.clean_name(self.hashed_name(name))
  File "/Users/michaelwan/miniconda2/lib/python2.7/site-packages/django/contrib/staticfiles/storage.py", line 95, in hashed_name
    (clean_name, self))
ValueError: The file 'img/team/kevin_tan.png' could not be found with <whitenoise.storage.CompressedManifestStaticFilesStorage object at 0x103f67450>.
